<?xml version="1.0" encoding="UTF-8"?>
<!-- Generated by org.testng.reporters.JUnitReportReporter -->
<testsuite skipped="4" hostname="KT-MAC-144.local" name="com.TestNGTestCases.ForumScreenTest" tests="6" failures="0" timestamp="20 Dec 2018 08:50:01 GMT" time="48.847" errors="0">
  <testcase name="userlogin" time="32.478" classname="com.TestNGTestCases.ForumScreenTest"/>
  <testcase name="userlogin" time="16.369" classname="com.TestNGTestCases.ForumScreenTest"/>
  <testcase name="validatemessagelowerthan10charalert" classname="com.TestNGTestCases.ForumScreenTest">
    <skipped/>
  </testcase> <!-- validatemessagelowerthan10charalert -->
  <testcase name="uploadimagevalidate" classname="com.TestNGTestCases.ForumScreenTest">
    <skipped/>
  </testcase> <!-- uploadimagevalidate -->
  <testcase name="createpostvalidate" classname="com.TestNGTestCases.ForumScreenTest">
    <skipped/>
  </testcase> <!-- createpostvalidate -->
  <testcase name="Validatelikfunctionalityonforum" classname="com.TestNGTestCases.ForumScreenTest">
    <skipped/>
  </testcase> <!-- Validatelikfunctionalityonforum -->
</testsuite> <!-- com.TestNGTestCases.ForumScreenTest -->
