<?xml version="1.0" encoding="UTF-8"?>
<!-- Generated by org.testng.reporters.JUnitReportReporter -->
<testsuite skipped="0" hostname="KT-MAC-144.local" name="com.TakeAClass.TestCases.cmstest" tests="2" failures="0" timestamp="15 Jun 2018 13:39:55 GMT" time="46.159" errors="0">
  <testcase name="login" time="14.535" classname="com.TakeAClass.TestCases.cmstest"/>
  <testcase name="validate" time="31.624" classname="com.TakeAClass.TestCases.cmstest"/>
</testsuite> <!-- com.TakeAClass.TestCases.cmstest -->
