<?xml version="1.0" encoding="UTF-8"?>
<!-- Generated by org.testng.reporters.JUnitReportReporter -->
<testsuite skipped="2" hostname="KT-MAC-144.local" name="com.TestAppsaif.TestCases.ValidateRegisterPageTest" tests="3" failures="0" timestamp="25 Jul 2018 11:07:55 GMT" time="34.477" errors="0">
  <testcase name="validateregistrationofuser" time="34.477" classname="com.TestAppsaif.TestCases.ValidateRegisterPageTest"/>
  <testcase name="validatemandatoryfieldmissingalert" classname="com.TestAppsaif.TestCases.ValidateRegisterPageTest">
    <skipped/>
  </testcase> <!-- validatemandatoryfieldmissingalert -->
  <testcase name="validateloweragealert" classname="com.TestAppsaif.TestCases.ValidateRegisterPageTest">
    <skipped/>
  </testcase> <!-- validateloweragealert -->
</testsuite> <!-- com.TestAppsaif.TestCases.ValidateRegisterPageTest -->
