<?xml version="1.0" encoding="UTF-8"?>
<!-- Generated by org.testng.reporters.JUnitReportReporter -->
<testsuite skipped="5" hostname="KT-MAC-144.local" name="TestNGTestCases.ForumScreenTest" tests="5" failures="0" timestamp="23 Jan 2019 13:54:24 GMT" time="0.000" errors="0">
  <testcase name="userlogin" time="0.000" classname="TestNGTestCases.ForumScreenTest">
    <skipped/>
  </testcase> <!-- userlogin -->
  <testcase name="validatemessagelowerthan10charalert" classname="TestNGTestCases.ForumScreenTest">
    <skipped/>
  </testcase> <!-- validatemessagelowerthan10charalert -->
  <testcase name="createpostvalidate" classname="TestNGTestCases.ForumScreenTest">
    <skipped/>
  </testcase> <!-- createpostvalidate -->
  <testcase name="Validatelikfunctionalityonforum" classname="TestNGTestCases.ForumScreenTest">
    <skipped/>
  </testcase> <!-- Validatelikfunctionalityonforum -->
  <testcase name="uploadimagevalidate" classname="TestNGTestCases.ForumScreenTest">
    <skipped/>
  </testcase> <!-- uploadimagevalidate -->
</testsuite> <!-- TestNGTestCases.ForumScreenTest -->
